0 info it worked if it ends with ok
1 verbose cli [ 'node', '/usr/local/bin/npm', 'install' ]
2 info using npm@1.4.28
3 info using node@v0.10.33
4 verbose readDependencies using package.json deps
5 verbose install where, deps [ '/Users/chaunceyyan/Github/git_commandline_tool/Where_Are_We/where_are_we',
5 verbose install   [ 'express',
5 verbose install     'body-parser',
5 verbose install     'cookie-parser',
5 verbose install     'morgan',
5 verbose install     'serve-favicon',
5 verbose install     'debug',
5 verbose install     'ejx' ] ]
6 info preinstall where_are_we@0.0.0
7 verbose readDependencies using package.json deps
8 verbose already installed skipping express@~4.9.0 /Users/chaunceyyan/Github/git_commandline_tool/Where_Are_We/where_are_we
9 verbose already installed skipping body-parser@~1.8.1 /Users/chaunceyyan/Github/git_commandline_tool/Where_Are_We/where_are_we
10 verbose already installed skipping cookie-parser@~1.3.3 /Users/chaunceyyan/Github/git_commandline_tool/Where_Are_We/where_are_we
11 verbose already installed skipping morgan@~1.3.0 /Users/chaunceyyan/Github/git_commandline_tool/Where_Are_We/where_are_we
12 verbose already installed skipping serve-favicon@~2.1.3 /Users/chaunceyyan/Github/git_commandline_tool/Where_Are_We/where_are_we
13 verbose already installed skipping debug@~2.0.0 /Users/chaunceyyan/Github/git_commandline_tool/Where_Are_We/where_are_we
14 verbose cache add [ 'ejx@*', null ]
15 verbose cache add name=undefined spec="ejx@*" args=["ejx@*",null]
16 verbose parsed url { protocol: null,
16 verbose parsed url   slashes: null,
16 verbose parsed url   auth: null,
16 verbose parsed url   host: null,
16 verbose parsed url   port: null,
16 verbose parsed url   hostname: null,
16 verbose parsed url   hash: null,
16 verbose parsed url   search: null,
16 verbose parsed url   query: null,
16 verbose parsed url   pathname: 'ejx@*',
16 verbose parsed url   path: 'ejx@*',
16 verbose parsed url   href: 'ejx@*' }
17 verbose cache add name="ejx" spec="*" args=["ejx","*"]
18 verbose parsed url { protocol: null,
18 verbose parsed url   slashes: null,
18 verbose parsed url   auth: null,
18 verbose parsed url   host: null,
18 verbose parsed url   port: null,
18 verbose parsed url   hostname: null,
18 verbose parsed url   hash: null,
18 verbose parsed url   search: null,
18 verbose parsed url   query: null,
18 verbose parsed url   pathname: '*',
18 verbose parsed url   path: '*',
18 verbose parsed url   href: '*' }
19 verbose addNamed [ 'ejx', '*' ]
20 verbose addNamed [ null, '*' ]
21 silly lockFile 112bcd0f-ejx ejx@*
22 verbose lock ejx@* /Users/chaunceyyan/.npm/112bcd0f-ejx.lock
23 silly addNameRange { name: 'ejx', range: '*', hasData: false }
24 verbose request where is /ejx
25 verbose request registry https://registry.npmjs.org/
26 verbose request id 21d360db17822d69
27 verbose url raw /ejx
28 verbose url resolving [ 'https://registry.npmjs.org/', './ejx' ]
29 verbose url resolved https://registry.npmjs.org/ejx
30 verbose request where is https://registry.npmjs.org/ejx
31 info trying registry request attempt 1 at 19:54:32
32 http GET https://registry.npmjs.org/ejx
33 http 404 https://registry.npmjs.org/ejx
34 verbose headers { date: 'Mon, 01 Dec 2014 18:54:33 GMT',
34 verbose headers   server: 'CouchDB/1.5.0 (Erlang OTP/R16B03)',
34 verbose headers   'content-type': 'application/json',
34 verbose headers   'cache-control': 'max-age=0',
34 verbose headers   'content-length': '52',
34 verbose headers   'accept-ranges': 'bytes',
34 verbose headers   via: '1.1 varnish',
34 verbose headers   age: '0',
34 verbose headers   'x-served-by': 'cache-lcy1126-LCY',
34 verbose headers   'x-cache': 'MISS',
34 verbose headers   'x-cache-hits': '0',
34 verbose headers   'x-timer': 'S1417460072.757382,VS0,VE352',
34 verbose headers   'keep-alive': 'timeout=10, max=50',
34 verbose headers   connection: 'Keep-Alive' }
35 silly registry.get cb [ 404,
35 silly registry.get   { date: 'Mon, 01 Dec 2014 18:54:33 GMT',
35 silly registry.get     server: 'CouchDB/1.5.0 (Erlang OTP/R16B03)',
35 silly registry.get     'content-type': 'application/json',
35 silly registry.get     'cache-control': 'max-age=0',
35 silly registry.get     'content-length': '52',
35 silly registry.get     'accept-ranges': 'bytes',
35 silly registry.get     via: '1.1 varnish',
35 silly registry.get     age: '0',
35 silly registry.get     'x-served-by': 'cache-lcy1126-LCY',
35 silly registry.get     'x-cache': 'MISS',
35 silly registry.get     'x-cache-hits': '0',
35 silly registry.get     'x-timer': 'S1417460072.757382,VS0,VE352',
35 silly registry.get     'keep-alive': 'timeout=10, max=50',
35 silly registry.get     connection: 'Keep-Alive' } ]
36 silly lockFile 112bcd0f-ejx ejx@*
37 silly lockFile 112bcd0f-ejx ejx@*
38 error 404 404 Not Found: ejx
38 error 404
38 error 404 'ejx' is not in the npm registry.
38 error 404 You should bug the author to publish it
38 error 404 It was specified as a dependency of 'where_are_we'
38 error 404
38 error 404 Note that you can also install from a
38 error 404 tarball, folder, or http url, or git url.
39 error System Darwin 14.0.0
40 error command "node" "/usr/local/bin/npm" "install"
41 error cwd /Users/chaunceyyan/Github/git_commandline_tool/Where_Are_We/where_are_we
42 error node -v v0.10.33
43 error npm -v 1.4.28
44 error code E404
45 verbose exit [ 1, true ]
